c:\spring 2019 study\cse-687 ood\project3_ood\codepublisher_pr2\codepublisher_pr2\codepublisher_pr2\cppparser\parser\debug\parser.pdb
c:\spring 2019 study\cse-687 ood\project3_ood\codepublisher_pr2\codepublisher_pr2\codepublisher_pr2\cppparser\parser\debug\parser.idb
c:\spring 2019 study\cse-687 ood\project3_ood\codepublisher_pr2\codepublisher_pr2\codepublisher_pr2\cppparser\parser\debug\parser.obj
c:\spring 2019 study\cse-687 ood\project3_ood\codepublisher_pr2\codepublisher_pr2\codepublisher_pr2\cppparser\parser\debug\configureparser.obj
c:\spring 2019 study\cse-687 ood\project3_ood\codepublisher_pr2\codepublisher_pr2\codepublisher_pr2\cppparser\parser\debug\actionsandrules.obj
c:\spring 2019 study\cse-687 ood\project3_ood\codepublisher_pr2\codepublisher_pr2\codepublisher_pr2\cppparser\parser\debug\utilities.obj
c:\spring 2019 study\cse-687 ood\project3_ood\codepublisher_pr2\codepublisher_pr2\codepublisher_pr2\cppparser\parser\debug\toker.obj
c:\spring 2019 study\cse-687 ood\project3_ood\codepublisher_pr2\codepublisher_pr2\codepublisher_pr2\cppparser\parser\debug\semi.obj
c:\spring 2019 study\cse-687 ood\project3_ood\codepublisher_pr2\codepublisher_pr2\codepublisher_pr2\cppparser\parser\debug\scopestack.obj
c:\spring 2019 study\cse-687 ood\project3_ood\codepublisher_pr2\codepublisher_pr2\codepublisher_pr2\cppparser\parser\debug\logger.obj
c:\spring 2019 study\cse-687 ood\project3_ood\codepublisher_pr2\codepublisher_pr2\codepublisher_pr2\cppparser\parser\debug\grammarhelpers.obj
c:\spring 2019 study\cse-687 ood\project3_ood\codepublisher_pr2\codepublisher_pr2\codepublisher_pr2\cppparser\parser\debug\filesystem.obj
c:\spring 2019 study\cse-687 ood\project3_ood\codepublisher_pr2\codepublisher_pr2\codepublisher_pr2\cppparser\parser\debug\abstrsyntree.obj
c:\spring 2019 study\cse-687 ood\project3_ood\codepublisher_pr2\codepublisher_pr2\codepublisher_pr2\debug\parser.lib
c:\spring 2019 study\cse-687 ood\project3_ood\codepublisher_pr2\codepublisher_pr2\codepublisher_pr2\cppparser\parser\debug\parser.tlog\cl.command.1.tlog
c:\spring 2019 study\cse-687 ood\project3_ood\codepublisher_pr2\codepublisher_pr2\codepublisher_pr2\cppparser\parser\debug\parser.tlog\cl.read.1.tlog
c:\spring 2019 study\cse-687 ood\project3_ood\codepublisher_pr2\codepublisher_pr2\codepublisher_pr2\cppparser\parser\debug\parser.tlog\cl.write.1.tlog
c:\spring 2019 study\cse-687 ood\project3_ood\codepublisher_pr2\codepublisher_pr2\codepublisher_pr2\cppparser\parser\debug\parser.tlog\lib-link.read.1.tlog
c:\spring 2019 study\cse-687 ood\project3_ood\codepublisher_pr2\codepublisher_pr2\codepublisher_pr2\cppparser\parser\debug\parser.tlog\lib-link.write.1.tlog
c:\spring 2019 study\cse-687 ood\project3_ood\codepublisher_pr2\codepublisher_pr2\codepublisher_pr2\cppparser\parser\debug\parser.tlog\lib.command.1.tlog
